app/build/intermediates/manifest_merge_blame_file/debug/processDebugMainManifest/manifest-merger-blame-debug-report.txt
1<?xml version="1.0" encoding="utf-8"?>
2<manifest xmlns:android="http://schemas.android.com/apk/res/android"
3    package="com.memori.app"
4    android:versionCode="1"
5    android:versionName="1.0" >
6
7    <uses-sdk
8        android:minSdkVersion="24"
9        android:targetSdkVersion="34" />
10
11    <uses-permission android:name="android.permission.INTERNET" />
11-->src\main\AndroidManifest.xml:5:5-67
11-->src\main\AndroidManifest.xml:5:22-64
12    <uses-permission android:name="android.permission.CAMERA" />
12-->src\main\AndroidManifest.xml:6:5-65
12-->src\main\AndroidManifest.xml:6:22-62
13    <uses-permission android:name="android.permission.ACCESS_FINE_LOCATION" />
13-->src\main\AndroidManifest.xml:7:5-79
13-->src\main\AndroidManifest.xml:7:22-76
14    <uses-permission android:name="android.permission.ACCESS_COARSE_LOCATION" />
14-->src\main\AndroidManifest.xml:8:5-81
14-->src\main\AndroidManifest.xml:8:22-78
15
16    <uses-feature
16-->src\main\AndroidManifest.xml:10:5-85
17        android:name="android.hardware.camera"
17-->src\main\AndroidManifest.xml:10:19-57
18        android:required="false" />
18-->src\main\AndroidManifest.xml:10:58-82
19    <uses-feature
19-->src\main\AndroidManifest.xml:11:5-86
20        android:name="android.hardware.camera.ar"
20-->src\main\AndroidManifest.xml:11:19-60
21        android:required="true" />
21-->src\main\AndroidManifest.xml:11:61-84
22    <uses-feature
22-->src\main\AndroidManifest.xml:12:5-78
23        android:glEsVersion="0x00030000"
23-->src\main\AndroidManifest.xml:12:19-51
24        android:required="true" />
24-->src\main\AndroidManifest.xml:12:52-75
25
26    <uses-permission android:name="android.permission.RECORD_AUDIO" />
26-->[io.github.sceneview:arsceneview:2.0.3] AndroidManifest.xml:9:5-71
26-->[io.github.sceneview:arsceneview:2.0.3] AndroidManifest.xml:9:22-68
27
28    <permission
28-->[androidx.core:core:1.13.1] AndroidManifest.xml:22:5-24:47
29        android:name="com.memori.app.DYNAMIC_RECEIVER_NOT_EXPORTED_PERMISSION"
29-->[androidx.core:core:1.13.1] AndroidManifest.xml:23:9-81
30        android:protectionLevel="signature" />
30-->[androidx.core:core:1.13.1] AndroidManifest.xml:24:9-44
31
32    <uses-permission android:name="com.memori.app.DYNAMIC_RECEIVER_NOT_EXPORTED_PERMISSION" />
32-->[androidx.core:core:1.13.1] AndroidManifest.xml:26:5-97
32-->[androidx.core:core:1.13.1] AndroidManifest.xml:26:22-94
33
34    <queries>
34-->[com.google.ar:core:1.42.0] AndroidManifest.xml:20:5-27:15
35        <package android:name="com.google.ar.core" />
35-->[com.google.ar:core:1.42.0] AndroidManifest.xml:21:9-54
35-->[com.google.ar:core:1.42.0] AndroidManifest.xml:21:18-51
36        <package android:name="com.android.vending" />
36-->[com.google.ar:core:1.42.0] AndroidManifest.xml:22:9-55
36-->[com.google.ar:core:1.42.0] AndroidManifest.xml:22:18-52
37
38        <intent>
38-->[com.google.ar:core:1.42.0] AndroidManifest.xml:24:9-26:18
39            <action android:name="com.google.android.play.core.install.BIND_INSTALL_SERVICE" />
39-->[com.google.ar:core:1.42.0] AndroidManifest.xml:25:13-96
39-->[com.google.ar:core:1.42.0] AndroidManifest.xml:25:21-93
40        </intent>
41    </queries> <!-- Although the *SdkVersion is captured in gradle build files, this is required for non gradle builds -->
42    <!-- <uses-sdk android:minSdkVersion="14"/> -->
43    <uses-permission android:name="android.permission.ACCESS_NETWORK_STATE" />
43-->[com.google.android.datatransport:transport-backend-cct:2.3.3] AndroidManifest.xml:25:5-79
43-->[com.google.android.datatransport:transport-backend-cct:2.3.3] AndroidManifest.xml:25:22-76
44
45    <supports-screens
45-->[org.osmdroid:osmdroid-android:6.1.18] AndroidManifest.xml:9:5-12:40
46        android:anyDensity="true"
46-->[org.osmdroid:osmdroid-android:6.1.18] AndroidManifest.xml:10:9-34
47        android:largeScreens="true"
47-->[org.osmdroid:osmdroid-android:6.1.18] AndroidManifest.xml:11:9-36
48        android:normalScreens="true" />
48-->[org.osmdroid:osmdroid-android:6.1.18] AndroidManifest.xml:12:9-37
49
50    <uses-feature
50-->[org.osmdroid:osmdroid-android:6.1.18] AndroidManifest.xml:14:5-16:36
51        android:name="android.hardware.location.network"
51-->[org.osmdroid:osmdroid-android:6.1.18] AndroidManifest.xml:15:9-57
52        android:required="false" />
52-->[org.osmdroid:osmdroid-android:6.1.18] AndroidManifest.xml:16:9-33
53    <uses-feature
53-->[org.osmdroid:osmdroid-android:6.1.18] AndroidManifest.xml:17:5-19:36
54        android:name="android.hardware.location.gps"
54-->[org.osmdroid:osmdroid-android:6.1.18] AndroidManifest.xml:18:9-53
55        android:required="false" />
55-->[org.osmdroid:osmdroid-android:6.1.18] AndroidManifest.xml:19:9-33
56    <uses-feature
56-->[org.osmdroid:osmdroid-android:6.1.18] AndroidManifest.xml:20:5-22:36
57        android:name="android.hardware.telephony"
57-->[org.osmdroid:osmdroid-android:6.1.18] AndroidManifest.xml:21:9-50
58        android:required="false" />
58-->[org.osmdroid:osmdroid-android:6.1.18] AndroidManifest.xml:22:9-33
59    <uses-feature
59-->[org.osmdroid:osmdroid-android:6.1.18] AndroidManifest.xml:23:5-25:36
60        android:name="android.hardware.wifi"
60-->[org.osmdroid:osmdroid-android:6.1.18] AndroidManifest.xml:24:9-45
61        android:required="false" />
61-->[org.osmdroid:osmdroid-android:6.1.18] AndroidManifest.xml:25:9-33
62
63    <application
63-->src\main\AndroidManifest.xml:14:5-45:19
64        android:allowBackup="true"
64-->src\main\AndroidManifest.xml:15:9-35
65        android:appComponentFactory="androidx.core.app.CoreComponentFactory"
65-->[androidx.core:core:1.13.1] AndroidManifest.xml:28:18-86
66        android:dataExtractionRules="@xml/data_extraction_rules"
66-->src\main\AndroidManifest.xml:16:9-65
67        android:debuggable="true"
68        android:extractNativeLibs="true"
68-->src\main\AndroidManifest.xml:23:9-41
69        android:fullBackupContent="@xml/backup_rules"
69-->src\main\AndroidManifest.xml:17:9-54
70        android:icon="@mipmap/ic_launcher"
70-->src\main\AndroidManifest.xml:18:9-43
71        android:label="@string/app_name"
71-->src\main\AndroidManifest.xml:19:9-41
72        android:roundIcon="@mipmap/ic_launcher_round"
72-->src\main\AndroidManifest.xml:20:9-54
73        android:supportsRtl="true"
73-->src\main\AndroidManifest.xml:21:9-35
74        android:testOnly="true"
75        android:theme="@style/Theme.Memori" >
75-->src\main\AndroidManifest.xml:22:9-44
76        <meta-data
76-->src\main\AndroidManifest.xml:26:9-29:45
77            android:name="com.google.ar.core"
77-->src\main\AndroidManifest.xml:27:13-46
78            android:value="required" />
78-->src\main\AndroidManifest.xml:28:13-37
79        <meta-data
79-->src\main\AndroidManifest.xml:31:9-33:45
80            android:name="com.google.android.geo.API_KEY"
80-->src\main\AndroidManifest.xml:32:13-58
81            android:value="SUA_CHAVE_AQUI" />
81-->src\main\AndroidManifest.xml:33:13-43
82
83        <activity
83-->src\main\AndroidManifest.xml:35:9-44:20
84            android:name="com.memori.app.MainActivity"
84-->src\main\AndroidManifest.xml:36:13-41
85            android:configChanges="orientation|screenSize|smallestScreenSize|screenLayout|uiMode"
85-->src\main\AndroidManifest.xml:38:13-98
86            android:exported="true"
86-->src\main\AndroidManifest.xml:37:13-36
87            android:theme="@style/Theme.Memori" >
87-->src\main\AndroidManifest.xml:39:13-48
88            <intent-filter>
88-->src\main\AndroidManifest.xml:40:13-43:29
89                <action android:name="android.intent.action.MAIN" />
89-->src\main\AndroidManifest.xml:41:17-69
89-->src\main\AndroidManifest.xml:41:25-66
90
91                <category android:name="android.intent.category.LAUNCHER" />
91-->src\main\AndroidManifest.xml:42:17-77
91-->src\main\AndroidManifest.xml:42:27-74
92            </intent-filter>
93        </activity>
94        <!--
95        Service for holding metadata. Cannot be instantiated.
96        Metadata will be merged from other manifests.
97        -->
98        <service
98-->[androidx.camera:camera-core:1.3.3] AndroidManifest.xml:29:9-33:78
99            android:name="androidx.camera.core.impl.MetadataHolderService"
99-->[androidx.camera:camera-core:1.3.3] AndroidManifest.xml:30:13-75
100            android:enabled="false"
100-->[androidx.camera:camera-core:1.3.3] AndroidManifest.xml:31:13-36
101            android:exported="false" >
101-->[androidx.camera:camera-core:1.3.3] AndroidManifest.xml:32:13-37
102            <meta-data
102-->[androidx.camera:camera-camera2:1.3.3] AndroidManifest.xml:30:13-32:89
103                android:name="androidx.camera.core.impl.MetadataHolderService.DEFAULT_CONFIG_PROVIDER"
103-->[androidx.camera:camera-camera2:1.3.3] AndroidManifest.xml:31:17-103
104                android:value="androidx.camera.camera2.Camera2Config$DefaultProvider" />
104-->[androidx.camera:camera-camera2:1.3.3] AndroidManifest.xml:32:17-86
105        </service>
106        <service
106-->[com.google.android.gms:play-services-mlkit-barcode-scanning:18.3.0] AndroidManifest.xml:9:9-15:19
107            android:name="com.google.mlkit.common.internal.MlKitComponentDiscoveryService"
107-->[com.google.android.gms:play-services-mlkit-barcode-scanning:18.3.0] AndroidManifest.xml:10:13-91
108            android:directBootAware="true"
108-->[com.google.mlkit:common:18.9.0] AndroidManifest.xml:17:13-43
109            android:exported="false" >
109-->[com.google.android.gms:play-services-mlkit-barcode-scanning:18.3.0] AndroidManifest.xml:11:13-37
110            <meta-data
110-->[com.google.android.gms:play-services-mlkit-barcode-scanning:18.3.0] AndroidManifest.xml:12:13-14:85
111                android:name="com.google.firebase.components:com.google.mlkit.vision.barcode.internal.BarcodeRegistrar"
111-->[com.google.android.gms:play-services-mlkit-barcode-scanning:18.3.0] AndroidManifest.xml:13:17-120
112                android:value="com.google.firebase.components.ComponentRegistrar" />
112-->[com.google.android.gms:play-services-mlkit-barcode-scanning:18.3.0] AndroidManifest.xml:14:17-82
113            <meta-data
113-->[com.google.mlkit:vision-common:17.3.0] AndroidManifest.xml:12:13-14:85
114                android:name="com.google.firebase.components:com.google.mlkit.vision.common.internal.VisionCommonRegistrar"
114-->[com.google.mlkit:vision-common:17.3.0] AndroidManifest.xml:13:17-124
115                android:value="com.google.firebase.components.ComponentRegistrar" />
115-->[com.google.mlkit:vision-common:17.3.0] AndroidManifest.xml:14:17-82
116            <meta-data
116-->[com.google.mlkit:common:18.9.0] AndroidManifest.xml:20:13-22:85
117                android:name="com.google.firebase.components:com.google.mlkit.common.internal.CommonComponentRegistrar"
117-->[com.google.mlkit:common:18.9.0] AndroidManifest.xml:21:17-120
118                android:value="com.google.firebase.components.ComponentRegistrar" />
118-->[com.google.mlkit:common:18.9.0] AndroidManifest.xml:22:17-82
119        </service>
120
121        <provider
121-->[com.google.mlkit:common:18.9.0] AndroidManifest.xml:9:9-13:38
122            android:name="com.google.mlkit.common.internal.MlKitInitProvider"
122-->[com.google.mlkit:common:18.9.0] AndroidManifest.xml:10:13-78
123            android:authorities="com.memori.app.mlkitinitprovider"
123-->[com.google.mlkit:common:18.9.0] AndroidManifest.xml:11:13-69
124            android:exported="false"
124-->[com.google.mlkit:common:18.9.0] AndroidManifest.xml:12:13-37
125            android:initOrder="99" />
125-->[com.google.mlkit:common:18.9.0] AndroidManifest.xml:13:13-35
126
127        <activity
127-->[com.google.android.gms:play-services-base:18.1.0] AndroidManifest.xml:20:9-22:45
128            android:name="com.google.android.gms.common.api.GoogleApiActivity"
128-->[com.google.android.gms:play-services-base:18.1.0] AndroidManifest.xml:20:19-85
129            android:exported="false"
129-->[com.google.android.gms:play-services-base:18.1.0] AndroidManifest.xml:22:19-43
130            android:theme="@android:style/Theme.Translucent.NoTitleBar" />
130-->[com.google.android.gms:play-services-base:18.1.0] AndroidManifest.xml:21:19-78
131
132        <meta-data
132-->[com.google.android.gms:play-services-basement:18.1.0] AndroidManifest.xml:21:9-23:69
133            android:name="com.google.android.gms.version"
133-->[com.google.android.gms:play-services-basement:18.1.0] AndroidManifest.xml:22:13-58
134            android:value="@integer/google_play_services_version" />
134-->[com.google.android.gms:play-services-basement:18.1.0] AndroidManifest.xml:23:13-66
135
136        <activity
136-->[androidx.compose.ui:ui-test-manifest:1.6.7] AndroidManifest.xml:23:9-25:39
137            android:name="androidx.activity.ComponentActivity"
137-->[androidx.compose.ui:ui-test-manifest:1.6.7] AndroidManifest.xml:24:13-63
138            android:exported="true" />
138-->[androidx.compose.ui:ui-test-manifest:1.6.7] AndroidManifest.xml:25:13-36
139        <activity
139-->[androidx.compose.ui:ui-tooling-android:1.6.7] AndroidManifest.xml:23:9-25:39
140            android:name="androidx.compose.ui.tooling.PreviewActivity"
140-->[androidx.compose.ui:ui-tooling-android:1.6.7] AndroidManifest.xml:24:13-71
141            android:exported="true" />
141-->[androidx.compose.ui:ui-tooling-android:1.6.7] AndroidManifest.xml:25:13-36
142
143        <provider
143-->[androidx.emoji2:emoji2:1.3.0] AndroidManifest.xml:24:9-32:20
144            android:name="androidx.startup.InitializationProvider"
144-->[androidx.emoji2:emoji2:1.3.0] AndroidManifest.xml:25:13-67
145            android:authorities="com.memori.app.androidx-startup"
145-->[androidx.emoji2:emoji2:1.3.0] AndroidManifest.xml:26:13-68
146            android:exported="false" >
146-->[androidx.emoji2:emoji2:1.3.0] AndroidManifest.xml:27:13-37
147            <meta-data
147-->[androidx.emoji2:emoji2:1.3.0] AndroidManifest.xml:29:13-31:52
148                android:name="androidx.emoji2.text.EmojiCompatInitializer"
148-->[androidx.emoji2:emoji2:1.3.0] AndroidManifest.xml:30:17-75
149                android:value="androidx.startup" />
149-->[androidx.emoji2:emoji2:1.3.0] AndroidManifest.xml:31:17-49
150            <meta-data
150-->[androidx.lifecycle:lifecycle-process:2.7.0] AndroidManifest.xml:29:13-31:52
151                android:name="androidx.lifecycle.ProcessLifecycleInitializer"
151-->[androidx.lifecycle:lifecycle-process:2.7.0] AndroidManifest.xml:30:17-78
152                android:value="androidx.startup" />
152-->[androidx.lifecycle:lifecycle-process:2.7.0] AndroidManifest.xml:31:17-49
153            <meta-data
153-->[androidx.profileinstaller:profileinstaller:1.3.1] AndroidManifest.xml:29:13-31:52
154                android:name="androidx.profileinstaller.ProfileInstallerInitializer"
154-->[androidx.profileinstaller:profileinstaller:1.3.1] AndroidManifest.xml:30:17-85
155                android:value="androidx.startup" />
155-->[androidx.profileinstaller:profileinstaller:1.3.1] AndroidManifest.xml:31:17-49
156        </provider> <!-- The minimal version code of ARCore APK required for an app using this SDK. -->
157        <meta-data
157-->[com.google.ar:core:1.42.0] AndroidManifest.xml:32:9-34:41
158            android:name="com.google.ar.core.min_apk_version"
158-->[com.google.ar:core:1.42.0] AndroidManifest.xml:33:13-62
159            android:value="240220000" /> <!-- This activity is critical for installing ARCore when it is not already present. -->
159-->[com.google.ar:core:1.42.0] AndroidManifest.xml:34:13-38
160        <activity
160-->[com.google.ar:core:1.42.0] AndroidManifest.xml:36:9-42:80
161            android:name="com.google.ar.core.InstallActivity"
161-->[com.google.ar:core:1.42.0] AndroidManifest.xml:37:13-62
162            android:configChanges="keyboardHidden|orientation|screenSize"
162-->[com.google.ar:core:1.42.0] AndroidManifest.xml:38:13-74
163            android:excludeFromRecents="true"
163-->[com.google.ar:core:1.42.0] AndroidManifest.xml:39:13-46
164            android:exported="false"
164-->[com.google.ar:core:1.42.0] AndroidManifest.xml:40:13-37
165            android:launchMode="singleTop"
165-->[com.google.ar:core:1.42.0] AndroidManifest.xml:41:13-43
166            android:theme="@android:style/Theme.Material.Light.Dialog.Alert" />
166-->[com.google.ar:core:1.42.0] AndroidManifest.xml:42:13-77
167
168        <service
168-->[com.google.android.datatransport:transport-backend-cct:2.3.3] AndroidManifest.xml:29:9-35:19
169            android:name="com.google.android.datatransport.runtime.backends.TransportBackendDiscovery"
169-->[com.google.android.datatransport:transport-backend-cct:2.3.3] AndroidManifest.xml:30:13-103
170            android:exported="false" >
170-->[com.google.android.datatransport:transport-backend-cct:2.3.3] AndroidManifest.xml:31:13-37
171            <meta-data
171-->[com.google.android.datatransport:transport-backend-cct:2.3.3] AndroidManifest.xml:32:13-34:39
172                android:name="backend:com.google.android.datatransport.cct.CctBackendFactory"
172-->[com.google.android.datatransport:transport-backend-cct:2.3.3] AndroidManifest.xml:33:17-94
173                android:value="cct" />
173-->[com.google.android.datatransport:transport-backend-cct:2.3.3] AndroidManifest.xml:34:17-36
174        </service>
175        <service
175-->[com.google.android.datatransport:transport-runtime:2.2.6] AndroidManifest.xml:26:9-30:19
176            android:name="com.google.android.datatransport.runtime.scheduling.jobscheduling.JobInfoSchedulerService"
176-->[com.google.android.datatransport:transport-runtime:2.2.6] AndroidManifest.xml:27:13-117
177            android:exported="false"
177-->[com.google.android.datatransport:transport-runtime:2.2.6] AndroidManifest.xml:28:13-37
178            android:permission="android.permission.BIND_JOB_SERVICE" >
178-->[com.google.android.datatransport:transport-runtime:2.2.6] AndroidManifest.xml:29:13-69
179        </service>
180
181        <receiver
181-->[com.google.android.datatransport:transport-runtime:2.2.6] AndroidManifest.xml:32:9-34:40
182            android:name="com.google.android.datatransport.runtime.scheduling.jobscheduling.AlarmManagerSchedulerBroadcastReceiver"
182-->[com.google.android.datatransport:transport-runtime:2.2.6] AndroidManifest.xml:33:13-132
183            android:exported="false" />
183-->[com.google.android.datatransport:transport-runtime:2.2.6] AndroidManifest.xml:34:13-37
184        <receiver
184-->[androidx.profileinstaller:profileinstaller:1.3.1] AndroidManifest.xml:34:9-52:20
185            android:name="androidx.profileinstaller.ProfileInstallReceiver"
185-->[androidx.profileinstaller:profileinstaller:1.3.1] AndroidManifest.xml:35:13-76
186            android:directBootAware="false"
186-->[androidx.profileinstaller:profileinstaller:1.3.1] AndroidManifest.xml:36:13-44
187            android:enabled="true"
187-->[androidx.profileinstaller:profileinstaller:1.3.1] AndroidManifest.xml:37:13-35
188            android:exported="true"
188-->[androidx.profileinstaller:profileinstaller:1.3.1] AndroidManifest.xml:38:13-36
189            android:permission="android.permission.DUMP" >
189-->[androidx.profileinstaller:profileinstaller:1.3.1] AndroidManifest.xml:39:13-57
190            <intent-filter>
190-->[androidx.profileinstaller:profileinstaller:1.3.1] AndroidManifest.xml:40:13-42:29
191                <action android:name="androidx.profileinstaller.action.INSTALL_PROFILE" />
191-->[androidx.profileinstaller:profileinstaller:1.3.1] AndroidManifest.xml:41:17-91
191-->[androidx.profileinstaller:profileinstaller:1.3.1] AndroidManifest.xml:41:25-88
192            </intent-filter>
193            <intent-filter>
193-->[androidx.profileinstaller:profileinstaller:1.3.1] AndroidManifest.xml:43:13-45:29
194                <action android:name="androidx.profileinstaller.action.SKIP_FILE" />
194-->[androidx.profileinstaller:profileinstaller:1.3.1] AndroidManifest.xml:44:17-85
194-->[androidx.profileinstaller:profileinstaller:1.3.1] AndroidManifest.xml:44:25-82
195            </intent-filter>
196            <intent-filter>
196-->[androidx.profileinstaller:profileinstaller:1.3.1] AndroidManifest.xml:46:13-48:29
197                <action android:name="androidx.profileinstaller.action.SAVE_PROFILE" />
197-->[androidx.profileinstaller:profileinstaller:1.3.1] AndroidManifest.xml:47:17-88
197-->[androidx.profileinstaller:profileinstaller:1.3.1] AndroidManifest.xml:47:25-85
198            </intent-filter>
199            <intent-filter>
199-->[androidx.profileinstaller:profileinstaller:1.3.1] AndroidManifest.xml:49:13-51:29
200                <action android:name="androidx.profileinstaller.action.BENCHMARK_OPERATION" />
200-->[androidx.profileinstaller:profileinstaller:1.3.1] AndroidManifest.xml:50:17-95
200-->[androidx.profileinstaller:profileinstaller:1.3.1] AndroidManifest.xml:50:25-92
201            </intent-filter>
202        </receiver>
203    </application>
204
205</manifest>